Using pre-set license

 COMMAND LINE ARGUMENTS:
/Applications/Unity/Hub/Editor/2020.3.11f1/Unity.app/Contents/MacOS/Unity
-adb2
-batchMode
-noUpm
-name
AssetImportWorker0
-projectPath
/Users/alexcarolan/Documents/Mobile-Game/Mobile Game
-logFile
Logs/AssetImportWorker0.log
-srvPort
53614
Successfully changed project path to: /Users/alexcarolan/Documents/Mobile-Game/Mobile Game
/Users/alexcarolan/Documents/Mobile-Game/Mobile Game
Using Asset Import Pipeline V2.
Refreshing native plugins compatible for Editor in 81.76 ms, found 2 plugins.
Preloading 0 native plugins for Editor in 0.00 ms.
Initialize engine version: 2020.3.11f1 (99c7afb366b3)
[Subsystems] Discovering subsystems at path /Applications/Unity/Hub/Editor/2020.3.11f1/Unity.app/Contents/Resources/UnitySubsystems
[Subsystems] Discovering subsystems at path /Users/alexcarolan/Documents/Mobile-Game/Mobile Game/Assets
GfxDevice: creating device client; threaded=0
2021-06-04 13:02:12.722 Unity[13692:608485] Color LCD preferred device: Intel(R) Iris(TM) Plus Graphics 640 (low power)
2021-06-04 13:02:12.722 Unity[13692:608485] Metal devices available: 1
2021-06-04 13:02:12.722 Unity[13692:608485] 0: Intel(R) Iris(TM) Plus Graphics 640 (low power)
2021-06-04 13:02:12.723 Unity[13692:608485] Using device Intel(R) Iris(TM) Plus Graphics 640 (low power)
Initializing Metal device caps: Intel(R) Iris(TM) Plus Graphics 640
Initialize mono
Mono path[0] = '/Applications/Unity/Hub/Editor/2020.3.11f1/Unity.app/Contents/Managed'
Mono path[1] = '/Applications/Unity/Hub/Editor/2020.3.11f1/Unity.app/Contents/MonoBleedingEdge/lib/mono/unityjit'
Mono config path = '/Applications/Unity/Hub/Editor/2020.3.11f1/Unity.app/Contents/MonoBleedingEdge/etc'
Using monoOptions --debugger-agent=transport=dt_socket,embedding=1,server=y,suspend=n,address=127.0.0.1:56692
Begin MonoManager ReloadAssembly
Registering precompiled unity dll's ...
Register platform support module: /Applications/Unity/Hub/Editor/2020.3.11f1/Unity.app/Contents/PlaybackEngines/MacStandaloneSupport/UnityEditor.OSXStandalone.Extensions.dll
Register platform support module: /Applications/Unity/Hub/Editor/2020.3.11f1/PlaybackEngines/WindowsStandaloneSupport/UnityEditor.WindowsStandalone.Extensions.dll
Registered in 0.003508 seconds.
Native extension for WindowsStandalone target not found
Native extension for OSXStandalone target not found
Refreshing native plugins compatible for Editor in 46.61 ms, found 2 plugins.
Preloading 0 native plugins for Editor in 0.00 ms.
Mono: successfully reloaded assembly
- Completed reload, in  3.782 seconds
Platform modules already initialized, skipping
Registering precompiled user dll's ...
Registered in 0.010193 seconds.
Begin MonoManager ReloadAssembly
Native extension for WindowsStandalone target not found
Native extension for OSXStandalone target not found
Refreshing native plugins compatible for Editor in 1.08 ms, found 2 plugins.
Preloading 0 native plugins for Editor in 0.00 ms.
Mono: successfully reloaded assembly
- Completed reload, in  1.592 seconds
Platform modules already initialized, skipping
========================================================================
Worker process is ready to serve import requests
Launching external process: /Applications/Unity/Hub/Editor/2020.3.11f1/Unity.app/Contents/Tools/UnityShaderCompiler
Launched and connected shader compiler UnityShaderCompiler after 0.02 seconds
Refreshing native plugins compatible for Editor in 0.84 ms, found 2 plugins.
Preloading 0 native plugins for Editor in 0.00 ms.
Unloading 2117 Unused Serialized files (Serialized files now loaded: 0)
System memory in use before: 168.5 MB.
System memory in use after: 168.6 MB.

Unloading 62 unused Assets to reduce memory usage. Loaded Objects now: 2518.
Total: 6.816219 ms (FindLiveObjects: 0.241440 ms CreateObjectMapping: 0.072215 ms MarkObjects: 6.389443 ms  DeleteObjects: 0.111329 ms)

========================================================================
Received Import Request.
  path: Assets/Icons/Icon.png
  artifactKey: Guid(64b3d1e6ad0eb45ef9c3972b03c74d10) Importer(815301076,1909f56bfc062723c751e8b465ee728b)
Start importing Assets/Icons/Icon.png using Guid(64b3d1e6ad0eb45ef9c3972b03c74d10) Importer(815301076,1909f56bfc062723c751e8b465ee728b)  -> (artifact id: '837721f12fa09143972879a2da90c29f') in 1.793705 seconds
  Import took 1.797808 seconds .

========================================================================
Received Import Request.
  Time since last request: 0.005294 seconds.
  path: Assets/Icons/Icon.png
  artifactKey: Guid(64b3d1e6ad0eb45ef9c3972b03c74d10) Importer(815301076,1909f56bfc062723c751e8b465ee728b)
Start importing Assets/Icons/Icon.png using Guid(64b3d1e6ad0eb45ef9c3972b03c74d10) Importer(815301076,1909f56bfc062723c751e8b465ee728b)  -> (artifact id: '837721f12fa09143972879a2da90c29f') in 0.006252 seconds
  Import took 0.010458 seconds .

========================================================================
Received Prepare
Registering precompiled user dll's ...
Registered in 0.006966 seconds.
Begin MonoManager ReloadAssembly
Native extension for WindowsStandalone target not found
Native extension for OSXStandalone target not found
Refreshing native plugins compatible for Editor in 0.82 ms, found 2 plugins.
Preloading 0 native plugins for Editor in 0.00 ms.
Mono: successfully reloaded assembly
- Completed reload, in  1.648 seconds
Platform modules already initialized, skipping
Refreshing native plugins compatible for Editor in 1.15 ms, found 2 plugins.
Preloading 0 native plugins for Editor in 0.00 ms.
Unloading 2101 Unused Serialized files (Serialized files now loaded: 0)
System memory in use before: 172.1 MB.
System memory in use after: 172.2 MB.

Unloading 53 unused Assets to reduce memory usage. Loaded Objects now: 2523.
Total: 5.498235 ms (FindLiveObjects: 0.207577 ms CreateObjectMapping: 0.075255 ms MarkObjects: 5.183286 ms  DeleteObjects: 0.030978 ms)

========================================================================
Received Prepare
Registering precompiled user dll's ...
Registered in 0.006792 seconds.
Begin MonoManager ReloadAssembly
Native extension for WindowsStandalone target not found
Native extension for OSXStandalone target not found
Refreshing native plugins compatible for Editor in 0.73 ms, found 2 plugins.
Preloading 0 native plugins for Editor in 0.00 ms.
Mono: successfully reloaded assembly
- Completed reload, in  1.259 seconds
Platform modules already initialized, skipping
Refreshing native plugins compatible for Editor in 1.19 ms, found 2 plugins.
Preloading 0 native plugins for Editor in 0.00 ms.
Unloading 2101 Unused Serialized files (Serialized files now loaded: 0)
System memory in use before: 172.3 MB.
System memory in use after: 172.5 MB.

Unloading 53 unused Assets to reduce memory usage. Loaded Objects now: 2526.
Total: 8.677322 ms (FindLiveObjects: 0.339305 ms CreateObjectMapping: 0.115150 ms MarkObjects: 8.179404 ms  DeleteObjects: 0.041865 ms)

========================================================================
Received Prepare
Registering precompiled user dll's ...
Registered in 0.004643 seconds.
Begin MonoManager ReloadAssembly
Native extension for WindowsStandalone target not found
Native extension for OSXStandalone target not found
Refreshing native plugins compatible for Editor in 0.74 ms, found 2 plugins.
Preloading 0 native plugins for Editor in 0.00 ms.
Mono: successfully reloaded assembly
- Completed reload, in  1.322 seconds
Platform modules already initialized, skipping
Refreshing native plugins compatible for Editor in 0.71 ms, found 2 plugins.
Preloading 0 native plugins for Editor in 0.00 ms.
Unloading 2101 Unused Serialized files (Serialized files now loaded: 0)
System memory in use before: 172.6 MB.
System memory in use after: 172.7 MB.

Unloading 53 unused Assets to reduce memory usage. Loaded Objects now: 2529.
Total: 5.295756 ms (FindLiveObjects: 0.200241 ms CreateObjectMapping: 0.075653 ms MarkObjects: 4.990149 ms  DeleteObjects: 0.028403 ms)

========================================================================
Received Prepare
Registering precompiled user dll's ...
Registered in 0.003014 seconds.
Begin MonoManager ReloadAssembly
Native extension for WindowsStandalone target not found
Native extension for OSXStandalone target not found
Refreshing native plugins compatible for Editor in 0.76 ms, found 2 plugins.
Preloading 0 native plugins for Editor in 0.00 ms.
Mono: successfully reloaded assembly
- Completed reload, in  1.481 seconds
Platform modules already initialized, skipping
Refreshing native plugins compatible for Editor in 0.70 ms, found 2 plugins.
Preloading 0 native plugins for Editor in 0.00 ms.
Unloading 2101 Unused Serialized files (Serialized files now loaded: 0)
System memory in use before: 172.8 MB.
System memory in use after: 172.9 MB.

Unloading 53 unused Assets to reduce memory usage. Loaded Objects now: 2532.
Total: 6.167652 ms (FindLiveObjects: 0.204083 ms CreateObjectMapping: 0.077012 ms MarkObjects: 5.854873 ms  DeleteObjects: 0.030554 ms)

========================================================================
Received Prepare
Registering precompiled user dll's ...
Registered in 0.014350 seconds.
Begin MonoManager ReloadAssembly
Native extension for WindowsStandalone target not found
Native extension for OSXStandalone target not found
Refreshing native plugins compatible for Editor in 0.82 ms, found 2 plugins.
Preloading 0 native plugins for Editor in 0.00 ms.
Mono: successfully reloaded assembly
- Completed reload, in  1.374 seconds
Platform modules already initialized, skipping
Refreshing native plugins compatible for Editor in 0.95 ms, found 2 plugins.
Preloading 0 native plugins for Editor in 0.00 ms.
Unloading 2101 Unused Serialized files (Serialized files now loaded: 0)
System memory in use before: 173.0 MB.
System memory in use after: 173.2 MB.

Unloading 53 unused Assets to reduce memory usage. Loaded Objects now: 2535.
Total: 5.446475 ms (FindLiveObjects: 0.217889 ms CreateObjectMapping: 0.078980 ms MarkObjects: 5.116416 ms  DeleteObjects: 0.032324 ms)

AssetImportWorkerClient::OnTransportError - code=2 error=End of file
